<html xmlns:math="http://exslt.org/math" xmlns:testng="http://testng.org">
   <head>
      <title>TestNG Results</title>
      <meta http-equiv="content-type" content="text/html; charset=utf-8"></meta>
      <meta http-equiv="pragma" content="no-cache"></meta>
      <meta http-equiv="cache-control" content="max-age=0"></meta>
      <meta http-equiv="cache-control" content="no-cache"></meta>
      <meta http-equiv="cache-control" content="no-store"></meta>
      <LINK rel="stylesheet" href="style.css"></LINK>
      <script type="text/javascript" src="main.js"></script>
   </head>
   <body>
      <table width="100%" style="font-size: 16px; margin-bottom: 10px;" cellspacing="1">
         <tr>
            <td width="100%">
               Test case
               
               <b>Learning assertions</b>
            </td>
            <td style="background-color: #FFBBBB; padding: 3px 3px 3px 0;" align="center">
               <div style="width: 50px;">1</div>
            </td>
            <td style="background-color: lightgreen; padding: 3px 3px 3px 0;" align="center">
               <div style="width: 50px;">0</div>
            </td>
            <td style="background-color: #FFFFBB; padding: 3px 3px 3px 0;" align="center">
               <div style="width: 50px;">0</div>
            </td>
            <td align="center" style="background-color: #eaf0f7; padding: 3px 3px 3px 0;">
               <div style="width: 50px;">1</div>
            </td>
            <td align="center"
                style="font-weight: bold; background-color: #eaf0f7; padding: 3px 3px 3px 0;">
               <div style="width: 50px;">0%</div>
            </td>
            <td style="background-color: #eaf0f7; padding: 3px 3px 3px 0;" align="center"
                nowrap="true">16 ms
               
            </td>
         </tr>
      </table>
      <div style="width: 200px;">
         <label for="groupMethodsCheckBox" style="font-weight: bold; margin: 0;">
            <input id="groupMethodsCheckBox" type="checkbox" onclick="switchTestMethodsView(this)"></input>
            Group by class
            
         </label>
         <br></br>
         <label for="methodsFilter_ALL" style="font-weight: bold; margin: 0;">
            <input id="methodsFilter_ALL" type="checkbox"
                   onclick="testMethodsFilterChanged(this, 'ALL')"></input>
            All
            
         </label>
      </div>
      <label for="methodsFilter_FAIL" style="margin-left: 20px;">
         <input id="methodsFilter_FAIL" type="checkbox"
                onclick="testMethodsFilterChanged(this, 'FAIL')"
                checked=""></input>
         Failed
         
      </label>
      <label for="methodsFilter_PASS">
         <input id="methodsFilter_PASS" type="checkbox"
                onclick="testMethodsFilterChanged(this, 'PASS')"
                checked=""></input>
         Passed
         
      </label>
      <label for="methodsFilter_SKIP">
         <input id="methodsFilter_SKIP" type="checkbox"
                onclick="testMethodsFilterChanged(this, 'SKIP')"
                checked=""></input>
         Skipped
         
      </label>
      <label for="methodsFilter_CONF">
         <input id="methodsFilter_CONF" type="checkbox"
                onclick="testMethodsFilterChanged(this, 'CONF')"></input>
         Config
         
      </label>
      <br></br>
      <div id="testMethodsByStatus">
         <table class="testMethodsTable" cellpadding="0" cellspacing="0">
            <tr class="methodsTableHeader">
               <td width="100%">Name</td>
               <td nowrap="true">Started</td>
               <td nowrap="true">Duration</td>
               <td>Exception</td>
            </tr>
            <tr id="tests.UsingAssertions_testGoogleSearch_byStatus_failed_FAIL1_row"
                class="testMethodStatusFAIL">
               <td width="100%" class="firstMethodCell">
                  <a onclick="toggleDetailsVisibility('tests.UsingAssertions_testGoogleSearch_byStatus_failed_FAIL1_details')">testGoogleSearch()</a>
               </td>
               <td nowrap="true">23:44:08</td>
               <td nowrap="true" align="right">16 ms
                  
               </td>
               <td nowrap="true">
                  <a onclick="toggleDetailsVisibility('tests.UsingAssertions_testGoogleSearch_byStatus_failed_FAIL1_exception')">java.lang.AssertionError: 
                     Error coming because of xyz reason expected:&lt;true&gt; but was:&lt;false&gt;
                     
                  </a>
                   
                  
               </td>
            </tr>
            <tr>
               <td colspan="4" class="detailsBox">
                  <div id="tests.UsingAssertions_testGoogleSearch_byStatus_failed_FAIL1_details"
                       class="testMethodDetails">
                     <div>
                        <b>Name: </b>testGoogleSearch
                     </div>
                     <div>
                        <b>Signature: </b>testGoogleSearch()
                     </div>
                     <div>
                        <b>Start time: </b>23:44:08
                     </div>
                     <div>
                        <b>End time: </b>23:44:08
                     </div>
                     <div>
                        <b>Duration: </b>16 ms
                        
                     </div>
                  </div>
               </td>
            </tr>
            <tr>
               <td colspan="4" class="detailsBox">
                  <div id="tests.UsingAssertions_testGoogleSearch_byStatus_failed_FAIL1_exception"
                       class="testMethodDetails">
                     <pre style="padding: 5px; margin: 0;">java.lang.AssertionError: Error coming because of xyz reason expected:&lt;true&gt; but was:&lt;false&gt;
                        	at org.testng.Assert.fail(Assert.java:89)
                        	at org.testng.Assert.failNotEquals(Assert.java:480)
                        	at org.testng.Assert.assertTrue(Assert.java:37)
                        	at tests.UsingAssertions.testGoogleSearch(UsingAssertions.java:25)
                        	at sun.reflect.NativeMethodAccessorImpl.invoke0(Native Method)
                        	at sun.reflect.NativeMethodAccessorImpl.invoke(Unknown Source)
                        	at sun.reflect.DelegatingMethodAccessorImpl.invoke(Unknown Source)
                        	at java.lang.reflect.Method.invoke(Unknown Source)
                        	at org.testng.internal.MethodInvocationHelper.invokeMethod(MethodInvocationHelper.java:74)
                        	at org.testng.internal.Invoker.invokeMethod(Invoker.java:673)
                        	at org.testng.internal.Invoker.invokeTestMethod(Invoker.java:846)
                        	at org.testng.internal.Invoker.invokeTestMethods(Invoker.java:1170)
                        	at org.testng.internal.TestMethodWorker.invokeTestMethods(TestMethodWorker.java:125)
                        	at org.testng.internal.TestMethodWorker.run(TestMethodWorker.java:109)
                        	at org.testng.TestRunner.runWorkers(TestRunner.java:1125)
                        	at org.testng.TestRunner.privateRun(TestRunner.java:749)
                        	at org.testng.TestRunner.run(TestRunner.java:600)
                        	at org.testng.SuiteRunner.runTest(SuiteRunner.java:317)
                        	at org.testng.SuiteRunner.runSequentially(SuiteRunner.java:312)
                        	at org.testng.SuiteRunner.privateRun(SuiteRunner.java:274)
                        	at org.testng.SuiteRunner.run(SuiteRunner.java:223)
                        	at org.testng.SuiteRunnerWorker.runSuite(SuiteRunnerWorker.java:52)
                        	at org.testng.SuiteRunnerWorker.run(SuiteRunnerWorker.java:86)
                        	at org.testng.TestNG.runSuitesSequentially(TestNG.java:1031)
                        	at org.testng.TestNG.runSuitesLocally(TestNG.java:956)
                        	at org.testng.TestNG.run(TestNG.java:892)
                        	at org.testng.TestNG.privateMain(TestNG.java:1174)
                        	at org.testng.TestNG.main(TestNG.java:1138)
                     </pre>
                  </div>
               </td>
            </tr>
         </table>
      </div>
      <div id="testMethodsByClass" style="display: none;">
         <table class="testMethodsTable" cellpadding="0" cellspacing="0">
            <tr>
               <td colspan="4">
                  <h3 style="display: inline;">tests.UsingAssertions</h3>
               </td>
            </tr>
            <tr class="methodsTableHeader">
               <td width="100%">Name</td>
               <td nowrap="true">Started</td>
               <td nowrap="true">Duration</td>
               <td>Exception</td>
            </tr>
            <tr id="tests.UsingAssertions_testGoogleSearch_byClass_FAIL1_row"
                class="testMethodStatusFAIL">
               <td width="100%" class="firstMethodCell">
                  <a onclick="toggleDetailsVisibility('tests.UsingAssertions_testGoogleSearch_byClass_FAIL1_details')">testGoogleSearch()</a>
               </td>
               <td nowrap="true">23:44:08</td>
               <td nowrap="true" align="right">16 ms
                  
               </td>
               <td nowrap="true">
                  <a onclick="toggleDetailsVisibility('tests.UsingAssertions_testGoogleSearch_byClass_FAIL1_exception')">java.lang.AssertionError: 
                     Error coming because of xyz reason expected:&lt;true&gt; but was:&lt;false&gt;
                     
                  </a>
                   
                  
               </td>
            </tr>
            <tr>
               <td colspan="4" class="detailsBox">
                  <div id="tests.UsingAssertions_testGoogleSearch_byClass_FAIL1_details"
                       class="testMethodDetails">
                     <div>
                        <b>Name: </b>testGoogleSearch
                     </div>
                     <div>
                        <b>Signature: </b>testGoogleSearch()
                     </div>
                     <div>
                        <b>Start time: </b>23:44:08
                     </div>
                     <div>
                        <b>End time: </b>23:44:08
                     </div>
                     <div>
                        <b>Duration: </b>16 ms
                        
                     </div>
                  </div>
               </td>
            </tr>
            <tr>
               <td colspan="4" class="detailsBox">
                  <div id="tests.UsingAssertions_testGoogleSearch_byClass_FAIL1_exception"
                       class="testMethodDetails">
                     <pre style="padding: 5px; margin: 0;">java.lang.AssertionError: Error coming because of xyz reason expected:&lt;true&gt; but was:&lt;false&gt;
                        	at org.testng.Assert.fail(Assert.java:89)
                        	at org.testng.Assert.failNotEquals(Assert.java:480)
                        	at org.testng.Assert.assertTrue(Assert.java:37)
                        	at tests.UsingAssertions.testGoogleSearch(UsingAssertions.java:25)
                        	at sun.reflect.NativeMethodAccessorImpl.invoke0(Native Method)
                        	at sun.reflect.NativeMethodAccessorImpl.invoke(Unknown Source)
                        	at sun.reflect.DelegatingMethodAccessorImpl.invoke(Unknown Source)
                        	at java.lang.reflect.Method.invoke(Unknown Source)
                        	at org.testng.internal.MethodInvocationHelper.invokeMethod(MethodInvocationHelper.java:74)
                        	at org.testng.internal.Invoker.invokeMethod(Invoker.java:673)
                        	at org.testng.internal.Invoker.invokeTestMethod(Invoker.java:846)
                        	at org.testng.internal.Invoker.invokeTestMethods(Invoker.java:1170)
                        	at org.testng.internal.TestMethodWorker.invokeTestMethods(TestMethodWorker.java:125)
                        	at org.testng.internal.TestMethodWorker.run(TestMethodWorker.java:109)
                        	at org.testng.TestRunner.runWorkers(TestRunner.java:1125)
                        	at org.testng.TestRunner.privateRun(TestRunner.java:749)
                        	at org.testng.TestRunner.run(TestRunner.java:600)
                        	at org.testng.SuiteRunner.runTest(SuiteRunner.java:317)
                        	at org.testng.SuiteRunner.runSequentially(SuiteRunner.java:312)
                        	at org.testng.SuiteRunner.privateRun(SuiteRunner.java:274)
                        	at org.testng.SuiteRunner.run(SuiteRunner.java:223)
                        	at org.testng.SuiteRunnerWorker.runSuite(SuiteRunnerWorker.java:52)
                        	at org.testng.SuiteRunnerWorker.run(SuiteRunnerWorker.java:86)
                        	at org.testng.TestNG.runSuitesSequentially(TestNG.java:1031)
                        	at org.testng.TestNG.runSuitesLocally(TestNG.java:956)
                        	at org.testng.TestNG.run(TestNG.java:892)
                        	at org.testng.TestNG.privateMain(TestNG.java:1174)
                        	at org.testng.TestNG.main(TestNG.java:1138)
                     </pre>
                  </div>
               </td>
            </tr>
         </table>
         <br></br>
      </div>
      <div style="margin-top: 15px; color: gray; text-align: center; font-size: 9px;">
         Generated with
         
         <a href="http://code.google.com/p/testng-xslt/" style="color: #8888aa;"
            target="_blank">
            TestNG XSLT
            
         </a>
      </div>
   </body>
</html>